<?xml version="1.0" encoding="UTF-8"?>
<testsuite xmlns:xsi="http://www.w3.org/2001/XMLSchema-instance" xsi:noNamespaceSchemaLocation="https://maven.apache.org/surefire/maven-surefire-plugin/xsd/surefire-test-report-3.0.xsd" version="3.0" name="com.ripple.engine.stream.BackpressureMonitorTest" time="0.436" tests="6" errors="0" skipped="0" failures="0">
  <properties>
[...]
</properties>
  <testcase name="subscriber_above_high_water_mark_is_shed" classname="com.ripple.engine.stream.BackpressureMonitorTest" time="0.408">
    <system-out><![CDATA[02:29:42.492 [main] WARN com.ripple.engine.stream.BackpressureMonitor -- SUBSCRIBER_LAGGING [slow-sub] — lag=200, high-water-mark=100 — shedding
]]></system-out>
  </testcase>
  <testcase name="fast_subscriber_unaffected_when_slow_subscriber_is_shed" classname="com.ripple.engine.stream.BackpressureMonitorTest" time="0.005">
    <system-out><![CDATA[02:29:42.521 [main] WARN com.ripple.engine.stream.BackpressureMonitor -- SUBSCRIBER_LAGGING [slow-sub] — lag=200, high-water-mark=100 — shedding
]]></system-out>
  </testcase>
  <testcase name="never_shed_subscriber_with_max_value_hwm" classname="com.ripple.engine.stream.BackpressureMonitorTest" time="0.004"/>
  <testcase name="lag_metric_is_recorded_for_all_subscribers" classname="com.ripple.engine.stream.BackpressureMonitorTest" time="0.006"/>
  <testcase name="subscriber_below_high_water_mark_is_not_shed" classname="com.ripple.engine.stream.BackpressureMonitorTest" time="0.002"/>
  <testcase name="shed_increments_lagging_metric" classname="com.ripple.engine.stream.BackpressureMonitorTest" time="0.002">
    <system-out><![CDATA[02:29:42.539 [main] WARN com.ripple.engine.stream.BackpressureMonitor -- SUBSCRIBER_LAGGING [slow-sub] — lag=200, high-water-mark=50 — shedding
]]></system-out>
  </testcase>
</testsuite>